<?xml version="1.0" encoding="UTF-8"?>
<!-- Generated by org.testng.reporters.JUnitXMLReporter -->
<testsuite ignored="0" hostname="VISH-PC" failures="0" tests="6" name="Default test" time="0.121" errors="0" timestamp="2022-08-17T09:12:33 IST">
  <testcase classname="teatNG_XMLstudy.TestXML1" name="a" time="0.018"/>
  <testcase classname="teatNG_XMLstudy.TestXML1" name="b" time="0.003"/>
  <testcase classname="teatNG_XMLstudy.TestXML1" name="c" time="0.003"/>
  <testcase classname="teatNG_XMLstudy.testXML2" name="d" time="0.003"/>
  <testcase classname="teatNG_XMLstudy.testXML2" name="e" time="0.002"/>
  <testcase classname="teatNG_XMLstudy.testXML2" name="f" time="0.002"/>
</testsuite> <!-- Default test -->
