<?xml version="1.0" encoding="UTF-8"?>
<testng-results ignored="0" total="6" passed="6" failed="0" skipped="0">
  <reporter-output>
    <line>
      <![CDATA[Method A running]]>
    </line>
    <line>
      <![CDATA[Method B running]]>
    </line>
    <line>
      <![CDATA[Method C running]]>
    </line>
    <line>
      <![CDATA[Method D running]]>
    </line>
    <line>
      <![CDATA[Method E running]]>
    </line>
    <line>
      <![CDATA[Method F running]]>
    </line>
  </reporter-output>
  <suite started-at="2022-08-17T09:12:33 IST" name="Default suite" finished-at="2022-08-17T09:12:33 IST" duration-ms="121">
    <groups>
    </groups>
    <test started-at="2022-08-17T09:12:33 IST" name="Default test" finished-at="2022-08-17T09:12:33 IST" duration-ms="121">
      <class name="teatNG_XMLstudy.TestXML1">
        <test-method signature="a()[pri:0, instance:teatNG_XMLstudy.TestXML1@1a18644]" started-at="2022-08-17T09:12:33 IST" name="a" finished-at="2022-08-17T09:12:33 IST" duration-ms="18" status="PASS">
          <reporter-output>
            <line>
              <![CDATA[Method A running]]>
            </line>
          </reporter-output>
        </test-method> <!-- a -->
        <test-method signature="b()[pri:0, instance:teatNG_XMLstudy.TestXML1@1a18644]" started-at="2022-08-17T09:12:33 IST" name="b" finished-at="2022-08-17T09:12:33 IST" duration-ms="3" status="PASS">
          <reporter-output>
            <line>
              <![CDATA[Method B running]]>
            </line>
          </reporter-output>
        </test-method> <!-- b -->
        <test-method signature="c()[pri:0, instance:teatNG_XMLstudy.TestXML1@1a18644]" started-at="2022-08-17T09:12:33 IST" name="c" finished-at="2022-08-17T09:12:33 IST" duration-ms="3" status="PASS">
          <reporter-output>
            <line>
              <![CDATA[Method C running]]>
            </line>
          </reporter-output>
        </test-method> <!-- c -->
      </class> <!-- teatNG_XMLstudy.TestXML1 -->
      <class name="teatNG_XMLstudy.testXML2">
        <test-method signature="d()[pri:0, instance:teatNG_XMLstudy.testXML2@5d0a1059]" started-at="2022-08-17T09:12:33 IST" name="d" finished-at="2022-08-17T09:12:33 IST" duration-ms="3" status="PASS">
          <reporter-output>
            <line>
              <![CDATA[Method D running]]>
            </line>
          </reporter-output>
        </test-method> <!-- d -->
        <test-method signature="e()[pri:0, instance:teatNG_XMLstudy.testXML2@5d0a1059]" started-at="2022-08-17T09:12:33 IST" name="e" finished-at="2022-08-17T09:12:33 IST" duration-ms="2" status="PASS">
          <reporter-output>
            <line>
              <![CDATA[Method E running]]>
            </line>
          </reporter-output>
        </test-method> <!-- e -->
        <test-method signature="f()[pri:0, instance:teatNG_XMLstudy.testXML2@5d0a1059]" started-at="2022-08-17T09:12:33 IST" name="f" finished-at="2022-08-17T09:12:33 IST" duration-ms="2" status="PASS">
          <reporter-output>
            <line>
              <![CDATA[Method F running]]>
            </line>
          </reporter-output>
        </test-method> <!-- f -->
      </class> <!-- teatNG_XMLstudy.testXML2 -->
    </test> <!-- Default test -->
  </suite> <!-- Default suite -->
</testng-results>
